Command line invocation:
    /Applications/Xcode.app/Contents/Developer/usr/bin/xcodebuild -project VerticalConverter.xcodeproj -scheme "VerticalConverter (Direct)" -configuration Debug -sdk macosx build

User defaults from command line:
    IDEPackageSupportUseBuiltinSCM = YES

Build settings from command line:
    SDKROOT = macosx15.2

--- xcodebuild: WARNING: Using the first of multiple matching destinations:
{ platform:macOS, arch:arm64, id:00008122-001E21362600001C, name:My Mac }
{ platform:macOS, arch:x86_64, id:00008122-001E21362600001C, name:My Mac }
{ platform:macOS, name:Any Mac }
{ platform:iOS, id:dvtdevice-DVTiPhonePlaceholder-iphoneos:placeholder, name:Any iOS Device }
{ platform:iOS Simulator, id:dvtdevice-DVTiOSDeviceSimulatorPlaceholder-iphonesimulator:placeholder, name:Any iOS Simulator Device }
{ platform:iOS, arch:arm64, id:00008110-00011CD80C60201E, name:SK iPhone  }
Prepare packages

ComputeTargetDependencyGraph
note: Building targets in dependency order
note: Target dependency graph (1 target)
    Target 'VerticalConverter' in project 'VerticalConverter' (no dependencies)

GatherProvisioningInputs

CreateBuildDescription

ClangStatCache /Applications/Xcode.app/Contents/Developer/Toolchains/XcodeDefault.xctoolchain/usr/bin/clang-stat-cache /Applications/Xcode.app/Contents/Developer/Platforms/MacOSX.platform/Developer/SDKs/MacOSX15.2.sdk /Users/shoma/Library/Developer/Xcode/DerivedData/SDKStatCaches.noindex/macosx15.2-24C94-1dd28740b163f220e3e9b9fd2a542f53.sdkstatcache
    cd /Users/shoma/Downloads/VerticalConverter/VerticalConverter/VerticalConverter.xcodeproj
    /Applications/Xcode.app/Contents/Developer/Toolchains/XcodeDefault.xctoolchain/usr/bin/clang-stat-cache /Applications/Xcode.app/Contents/Developer/Platforms/MacOSX.platform/Developer/SDKs/MacOSX15.2.sdk -o /Users/shoma/Library/Developer/Xcode/DerivedData/SDKStatCaches.noindex/macosx15.2-24C94-1dd28740b163f220e3e9b9fd2a542f53.sdkstatcache

** BUILD SUCCEEDED **

