Command line invocation:
    /Applications/Xcode.app/Contents/Developer/usr/bin/xcodebuild -project VerticalConverter.xcodeproj -scheme "VerticalConverter (Direct)" -configuration Debug -sdk iphonesimulator -destination "platform=iOS Simulator,name=iPhone 14" build

User defaults from command line:
    IDEPackageSupportUseBuiltinSCM = YES

Build settings from command line:
    SDKROOT = iphonesimulator18.2

2026-03-19 14:36:04.519 xcodebuild[4426:8831888] Writing error result bundle to /var/folders/m8/510x42d53m787krrq5thq9240000gn/T/ResultBundle_2026-19-03_14-36-0004.xcresult
xcodebuild: error: Unable to find a device matching the provided destination specifier:
		{ platform:iOS Simulator, OS:latest, name:iPhone 14 }

	The requested device could not be found because no available devices matched the request.

	Available destinations for the "VerticalConverter (Direct)" scheme:
		{ platform:macOS, arch:arm64, id:00008122-001E21362600001C, name:My Mac }
		{ platform:macOS, arch:x86_64, id:00008122-001E21362600001C, name:My Mac }
		{ platform:iOS, arch:arm64, id:00008110-00011CD80C60201E, name:SK iPhone  }
		{ platform:iOS, id:dvtdevice-DVTiPhonePlaceholder-iphoneos:placeholder, name:Any iOS Device }
		{ platform:iOS Simulator, id:dvtdevice-DVTiOSDeviceSimulatorPlaceholder-iphonesimulator:placeholder, name:Any iOS Simulator Device }
		{ platform:macOS, name:Any Mac }
		{ platform:iOS Simulator, id:C3FB32F5-199B-4202-931E-B38590B09F1F, OS:18.3.1, name:iPad (10th generation) }
		{ platform:iOS Simulator, id:C3FB32F5-199B-4202-931E-B38590B09F1F, OS:18.3.1, name:iPad (10th generation) }
		{ platform:iOS Simulator, id:FAAD5258-D90F-4BB7-B1A7-390B3F538871, OS:18.3.1, name:iPad Air 11-inch (M2) }
		{ platform:iOS Simulator, id:FAAD5258-D90F-4BB7-B1A7-390B3F538871, OS:18.3.1, name:iPad Air 11-inch (M2) }
		{ platform:iOS Simulator, id:947AA79D-26F0-4021-AA77-F96BDE1B6B9A, OS:18.3.1, name:iPad Air 13-inch (M2) }
		{ platform:iOS Simulator, id:947AA79D-26F0-4021-AA77-F96BDE1B6B9A, OS:18.3.1, name:iPad Air 13-inch (M2) }
		{ platform:iOS Simulator, id:41995AD1-ECBB-40FD-8672-2EED364450F3, OS:18.3.1, name:iPad Pro 11-inch (M4) }
		{ platform:iOS Simulator, id:41995AD1-ECBB-40FD-8672-2EED364450F3, OS:18.3.1, name:iPad Pro 11-inch (M4) }
		{ platform:iOS Simulator, id:B564BF47-A0EA-478B-A4B5-9CAC4D9B013F, OS:18.3.1, name:iPad Pro 13-inch (M4) }
		{ platform:iOS Simulator, id:B564BF47-A0EA-478B-A4B5-9CAC4D9B013F, OS:18.3.1, name:iPad Pro 13-inch (M4) }
		{ platform:iOS Simulator, id:9666A96A-63C4-4E13-9A45-82DFAC5F4920, OS:18.3.1, name:iPad mini (A17 Pro) }
		{ platform:iOS Simulator, id:9666A96A-63C4-4E13-9A45-82DFAC5F4920, OS:18.3.1, name:iPad mini (A17 Pro) }
		{ platform:iOS Simulator, id:7B694210-1D6C-4711-8F85-CE88B3AC62FE, OS:18.3.1, name:iPhone 16 }
		{ platform:iOS Simulator, id:7B694210-1D6C-4711-8F85-CE88B3AC62FE, OS:18.3.1, name:iPhone 16 }
		{ platform:iOS Simulator, id:6F052766-9B6A-4C6C-8177-626F0370165C, OS:18.3.1, name:iPhone 16 Plus }
		{ platform:iOS Simulator, id:6F052766-9B6A-4C6C-8177-626F0370165C, OS:18.3.1, name:iPhone 16 Plus }
		{ platform:iOS Simulator, id:F13D8B56-C175-4164-BEED-34111104F5AB, OS:18.3.1, name:iPhone 16 Pro }
		{ platform:iOS Simulator, id:F13D8B56-C175-4164-BEED-34111104F5AB, OS:18.3.1, name:iPhone 16 Pro }
		{ platform:iOS Simulator, id:95687285-03D8-4ED5-9E5D-8D2E660B252B, OS:18.3.1, name:iPhone 16 Pro Max }
		{ platform:iOS Simulator, id:95687285-03D8-4ED5-9E5D-8D2E660B252B, OS:18.3.1, name:iPhone 16 Pro Max }
		{ platform:iOS Simulator, id:E95535C3-BEEF-4857-A365-FFAE798C1AA8, OS:18.3.1, name:iPhone SE (3rd generation) }
		{ platform:iOS Simulator, id:E95535C3-BEEF-4857-A365-FFAE798C1AA8, OS:18.3.1, name:iPhone SE (3rd generation) }
